# JRE version: OpenJDK Runtime Environment (7.0_91-b02) (build 1.7.0_91-b02)
# Java VM: OpenJDK 64-Bit Server VM (24.91-b01 mixed mode linux-amd64 compressed oops)
Heap
 PSYoungGen      total 278528K, used 20375K [0x00000000eaa80000, 0x0000000100000000, 0x0000000100000000)
  eden space 238080K, 0% used [0x00000000eaa80000,0x00000000eaa80000,0x00000000f9300000)
  from space 40448K, 50% used [0x00000000f9300000,0x00000000fa6e5ca8,0x00000000fba80000)
  to   space 59904K, 0% used [0x00000000fc580000,0x00000000fc580000,0x0000000100000000)
 ParOldGen       total 142848K, used 142734K [0x00000000c0000000, 0x00000000c8b80000, 0x00000000eaa80000)
  object space 142848K, 99% used [0x00000000c0000000,0x00000000c8b63938,0x00000000c8b80000)
 PSPermGen       total 21504K, used 6476K [0x00000000b5a00000, 0x00000000b6f00000, 0x00000000c0000000)
  object space 21504K, 30% used [0x00000000b5a00000,0x00000000b6053190,0x00000000b6f00000)
GC Heap History (10 events):
Event: 7.596 GC heap after
Heap after GC invocations=9 (full 1):
 PSYoungGen      total 256512K, used 15257K [0x00000000eaa80000, 0x00000000fd680000, 0x0000000100000000)
  eden space 233472K, 0% used [0x00000000eaa80000,0x00000000eaa80000,0x00000000f8e80000)
  from space 23040K, 66% used [0x00000000fae00000,0x00000000fbce67a0,0x00000000fc480000)
  to   space 32256K, 0% used [0x00000000f8e80000,0x00000000f8e80000,0x00000000fae00000)
 ParOldGen       total 79360K, used 40534K [0x00000000c0000000, 0x00000000c4d80000, 0x00000000eaa80000)
  object space 79360K, 51% used [0x00000000c0000000,0x00000000c2795928,0x00000000c4d80000)
 PSPermGen       total 21504K, used 6402K [0x00000000b5a00000, 0x00000000b6f00000, 0x00000000c0000000)
  object space 21504K, 29% used [0x00000000b5a00000,0x00000000b6040a78,0x00000000b6f00000)
}
Event: 9.868 GC heap before
{Heap before GC invocations=10 (full 1):
 PSYoungGen      total 256512K, used 248729K [0x00000000eaa80000, 0x00000000fd680000, 0x0000000100000000)
  eden space 233472K, 100% used [0x00000000eaa80000,0x00000000f8e80000,0x00000000f8e80000)
  from space 23040K, 66% used [0x00000000fae00000,0x00000000fbce67a0,0x00000000fc480000)
  to   space 32256K, 0% used [0x00000000f8e80000,0x00000000f8e80000,0x00000000fae00000)
 ParOldGen       total 79360K, used 40534K [0x00000000c0000000, 0x00000000c4d80000, 0x00000000eaa80000)
  object space 79360K, 51% used [0x00000000c0000000,0x00000000c2795928,0x00000000c4d80000)
 PSPermGen       total 21504K, used 6439K [0x00000000b5a00000, 0x00000000b6f00000, 0x00000000c0000000)
  object space 21504K, 29% used [0x00000000b5a00000,0x00000000b6049fc0,0x00000000b6f00000)
Event: 9.968 GC heap after
Heap after GC invocations=10 (full 1):
 PSYoungGen      total 265728K, used 32224K [0x00000000eaa80000, 0x0000000100000000, 0x0000000100000000)
  eden space 233472K, 0% used [0x00000000eaa80000,0x00000000eaa80000,0x00000000f8e80000)
  from space 32256K, 99% used [0x00000000f8e80000,0x00000000fadf8030,0x00000000fae00000)
  to   space 46592K, 0% used [0x00000000fd280000,0x00000000fd280000,0x0000000100000000)
 ParOldGen       total 79360K, used 61280K [0x00000000c0000000, 0x00000000c4d80000, 0x00000000eaa80000)
  object space 79360K, 77% used [0x00000000c0000000,0x00000000c3bd8068,0x00000000c4d80000)
 PSPermGen       total 21504K, used 6439K [0x00000000b5a00000, 0x00000000b6f00000, 0x00000000c0000000)
  object space 21504K, 29% used [0x00000000b5a00000,0x00000000b6049fc0,0x00000000b6f00000)
}
Event: 9.968 GC heap before
{Heap before GC invocations=11 (full 2):
 PSYoungGen      total 265728K, used 32224K [0x00000000eaa80000, 0x0000000100000000, 0x0000000100000000)
  eden space 233472K, 0% used [0x00000000eaa80000,0x00000000eaa80000,0x00000000f8e80000)
  from space 32256K, 99% used [0x00000000f8e80000,0x00000000fadf8030,0x00000000fae00000)
  to   space 46592K, 0% used [0x00000000fd280000,0x00000000fd280000,0x0000000100000000)
 ParOldGen       total 79360K, used 61280K [0x00000000c0000000, 0x00000000c4d80000, 0x00000000eaa80000)
  object space 79360K, 77% used [0x00000000c0000000,0x00000000c3bd8068,0x00000000c4d80000)
 PSPermGen       total 21504K, used 6439K [0x00000000b5a00000, 0x00000000b6f00000, 0x00000000c0000000)
  object space 21504K, 29% used [0x00000000b5a00000,0x00000000b6049fc0,0x00000000b6f00000)
Event: 10.438 GC heap after
Heap after GC invocations=11 (full 2):
 PSYoungGen      total 265728K, used 12659K [0x00000000eaa80000, 0x0000000100000000, 0x0000000100000000)
  eden space 233472K, 0% used [0x00000000eaa80000,0x00000000eaa80000,0x00000000f8e80000)
  from space 32256K, 39% used [0x00000000f8e80000,0x00000000f9adcd20,0x00000000fae00000)
  to   space 46592K, 0% used [0x00000000fd280000,0x00000000fd280000,0x0000000100000000)
 ParOldGen       total 142848K, used 78888K [0x00000000c0000000, 0x00000000c8b80000, 0x00000000eaa80000)
  object space 142848K, 55% used [0x00000000c0000000,0x00000000c4d0a210,0x00000000c8b80000)
 PSPermGen       total 21504K, used 6439K [0x00000000b5a00000, 0x00000000b6f00000, 0x00000000c0000000)
  object space 21504K, 29% used [0x00000000b5a00000,0x00000000b6049ce0,0x00000000b6f00000)
}
Event: 11.771 GC heap before
{Heap before GC invocations=12 (full 2):
 PSYoungGen      total 265728K, used 246131K [0x00000000eaa80000, 0x0000000100000000, 0x0000000100000000)
  eden space 233472K, 100% used [0x00000000eaa80000,0x00000000f8e80000,0x00000000f8e80000)
  from space 32256K, 39% used [0x00000000f8e80000,0x00000000f9adcd20,0x00000000fae00000)
  to   space 46592K, 0% used [0x00000000fd280000,0x00000000fd280000,0x0000000100000000)
 ParOldGen       total 142848K, used 78888K [0x00000000c0000000, 0x00000000c8b80000, 0x00000000eaa80000)
  object space 142848K, 55% used [0x00000000c0000000,0x00000000c4d0a210,0x00000000c8b80000)
 PSPermGen       total 21504K, used 6457K [0x00000000b5a00000, 0x00000000b6f00000, 0x00000000c0000000)
  object space 21504K, 30% used [0x00000000b5a00000,0x00000000b604e5e8,0x00000000b6f00000)
Event: 11.870 GC heap after
Heap after GC invocations=12 (full 2):
 PSYoungGen      total 284672K, used 46588K [0x00000000eaa80000, 0x0000000100000000, 0x0000000100000000)
  eden space 238080K, 0% used [0x00000000eaa80000,0x00000000eaa80000,0x00000000f9300000)
  from space 46592K, 99% used [0x00000000fd280000,0x00000000fffff1a8,0x0000000100000000)
  to   space 55808K, 0% used [0x00000000f9300000,0x00000000f9300000,0x00000000fc980000)
 ParOldGen       total 142848K, used 81534K [0x00000000c0000000, 0x00000000c8b80000, 0x00000000eaa80000)
  object space 142848K, 57% used [0x00000000c0000000,0x00000000c4f9fba0,0x00000000c8b80000)
 PSPermGen       total 21504K, used 6457K [0x00000000b5a00000, 0x00000000b6f00000, 0x00000000c0000000)
  object space 21504K, 30% used [0x00000000b5a00000,0x00000000b604e5e8,0x00000000b6f00000)
}
Event: 12.802 GC heap before
{Heap before GC invocations=13 (full 2):
 PSYoungGen      total 284672K, used 284668K [0x00000000eaa80000, 0x0000000100000000, 0x0000000100000000)
  eden space 238080K, 100% used [0x00000000eaa80000,0x00000000f9300000,0x00000000f9300000)
  from space 46592K, 99% used [0x00000000fd280000,0x00000000fffff1a8,0x0000000100000000)
  to   space 55808K, 0% used [0x00000000f9300000,0x00000000f9300000,0x00000000fc980000)
 ParOldGen       total 142848K, used 81534K [0x00000000c0000000, 0x00000000c8b80000, 0x00000000eaa80000)
  object space 142848K, 57% used [0x00000000c0000000,0x00000000c4f9fba0,0x00000000c8b80000)
 PSPermGen       total 21504K, used 6477K [0x00000000b5a00000, 0x00000000b6f00000, 0x00000000c0000000)
  object space 21504K, 30% used [0x00000000b5a00000,0x00000000b6053410,0x00000000b6f00000)
Event: 12.936 GC heap after
Heap after GC invocations=13 (full 2):
 PSYoungGen      total 278528K, used 39990K [0x00000000eaa80000, 0x0000000100000000, 0x0000000100000000)
  eden space 238080K, 0% used [0x00000000eaa80000,0x00000000eaa80000,0x00000000f9300000)
  from space 40448K, 98% used [0x00000000f9300000,0x00000000fba0da68,0x00000000fba80000)
  to   space 59904K, 0% used [0x00000000fc580000,0x00000000fc580000,0x0000000100000000)
 ParOldGen       total 142848K, used 127184K [0x00000000c0000000, 0x00000000c8b80000, 0x00000000eaa80000)
  object space 142848K, 89% used [0x00000000c0000000,0x00000000c7c34030,0x00000000c8b80000)
 PSPermGen       total 21504K, used 6477K [0x00000000b5a00000, 0x00000000b6f00000, 0x00000000c0000000)
  object space 21504K, 30% used [0x00000000b5a00000,0x00000000b6053410,0x00000000b6f00000)
}
Event: 12.936 GC heap before
{Heap before GC invocations=14 (full 3):
 PSYoungGen      total 278528K, used 39990K [0x00000000eaa80000, 0x0000000100000000, 0x0000000100000000)
  eden space 238080K, 0% used [0x00000000eaa80000,0x00000000eaa80000,0x00000000f9300000)
  from space 40448K, 98% used [0x00000000f9300000,0x00000000fba0da68,0x00000000fba80000)
  to   space 59904K, 0% used [0x00000000fc580000,0x00000000fc580000,0x0000000100000000)
 ParOldGen       total 142848K, used 127184K [0x00000000c0000000, 0x00000000c8b80000, 0x00000000eaa80000)
  object space 142848K, 89% used [0x00000000c0000000,0x00000000c7c34030,0x00000000c8b80000)
 PSPermGen       total 21504K, used 6477K [0x00000000b5a00000, 0x00000000b6f00000, 0x00000000c0000000)
  object space 21504K, 30% used [0x00000000b5a00000,0x00000000b6053410,0x00000000b6f00000)

