# JRE version: OpenJDK Runtime Environment (7.0_91-b02) (build 1.7.0_91-b02)
# Java VM: OpenJDK 64-Bit Server VM (24.91-b01 mixed mode linux-amd64 compressed oops)
Heap
 PSYoungGen      total 254464K, used 10497K [0x00000000eaa80000, 0x0000000100000000, 0x0000000100000000)
  eden space 218624K, 0% used [0x00000000eaa80000,0x00000000eaa80000,0x00000000f8000000)
  from space 35840K, 29% used [0x00000000f8000000,0x00000000f8a407e8,0x00000000fa300000)
  to   space 66048K, 0% used [0x00000000fbf80000,0x00000000fbf80000,0x0000000100000000)
 ParOldGen       total 149504K, used 149428K [0x00000000c0000000, 0x00000000c9200000, 0x00000000eaa80000)
  object space 149504K, 99% used [0x00000000c0000000,0x00000000c91ed348,0x00000000c9200000)
 PSPermGen       total 21504K, used 6473K [0x00000000b5a00000, 0x00000000b6f00000, 0x00000000c0000000)
  object space 21504K, 30% used [0x00000000b5a00000,0x00000000b60525e8,0x00000000b6f00000)
GC Heap History (10 events):
Event: 8.103 GC heap after
Heap after GC invocations=9 (full 1):
 PSYoungGen      total 257536K, used 16581K [0x00000000eaa80000, 0x00000000fd880000, 0x0000000100000000)
  eden space 231936K, 0% used [0x00000000eaa80000,0x00000000eaa80000,0x00000000f8d00000)
  from space 25600K, 64% used [0x00000000fae80000,0x00000000fbeb16c8,0x00000000fc780000)
  to   space 34304K, 0% used [0x00000000f8d00000,0x00000000f8d00000,0x00000000fae80000)
 ParOldGen       total 78336K, used 40569K [0x00000000c0000000, 0x00000000c4c80000, 0x00000000eaa80000)
  object space 78336K, 51% used [0x00000000c0000000,0x00000000c279e478,0x00000000c4c80000)
 PSPermGen       total 21504K, used 6396K [0x00000000b5a00000, 0x00000000b6f00000, 0x00000000c0000000)
  object space 21504K, 29% used [0x00000000b5a00000,0x00000000b603f338,0x00000000b6f00000)
}
Event: 10.253 GC heap before
{Heap before GC invocations=10 (full 1):
 PSYoungGen      total 257536K, used 248517K [0x00000000eaa80000, 0x00000000fd880000, 0x0000000100000000)
  eden space 231936K, 100% used [0x00000000eaa80000,0x00000000f8d00000,0x00000000f8d00000)
  from space 25600K, 64% used [0x00000000fae80000,0x00000000fbeb16c8,0x00000000fc780000)
  to   space 34304K, 0% used [0x00000000f8d00000,0x00000000f8d00000,0x00000000fae80000)
 ParOldGen       total 78336K, used 40569K [0x00000000c0000000, 0x00000000c4c80000, 0x00000000eaa80000)
  object space 78336K, 51% used [0x00000000c0000000,0x00000000c279e478,0x00000000c4c80000)
 PSPermGen       total 21504K, used 6439K [0x00000000b5a00000, 0x00000000b6f00000, 0x00000000c0000000)
  object space 21504K, 29% used [0x00000000b5a00000,0x00000000b6049d38,0x00000000b6f00000)
Event: 10.327 GC heap after
Heap after GC invocations=10 (full 1):
 PSYoungGen      total 266240K, used 34272K [0x00000000eaa80000, 0x0000000100000000, 0x0000000100000000)
  eden space 231936K, 0% used [0x00000000eaa80000,0x00000000eaa80000,0x00000000f8d00000)
  from space 34304K, 99% used [0x00000000f8d00000,0x00000000fae78020,0x00000000fae80000)
  to   space 48128K, 0% used [0x00000000fd100000,0x00000000fd100000,0x0000000100000000)
 ParOldGen       total 78336K, used 59609K [0x00000000c0000000, 0x00000000c4c80000, 0x00000000eaa80000)
  object space 78336K, 76% used [0x00000000c0000000,0x00000000c3a36738,0x00000000c4c80000)
 PSPermGen       total 21504K, used 6439K [0x00000000b5a00000, 0x00000000b6f00000, 0x00000000c0000000)
  object space 21504K, 29% used [0x00000000b5a00000,0x00000000b6049d38,0x00000000b6f00000)
}
Event: 11.675 GC heap before
{Heap before GC invocations=11 (full 1):
 PSYoungGen      total 266240K, used 266208K [0x00000000eaa80000, 0x0000000100000000, 0x0000000100000000)
  eden space 231936K, 100% used [0x00000000eaa80000,0x00000000f8d00000,0x00000000f8d00000)
  from space 34304K, 99% used [0x00000000f8d00000,0x00000000fae78020,0x00000000fae80000)
  to   space 48128K, 0% used [0x00000000fd100000,0x00000000fd100000,0x0000000100000000)
 ParOldGen       total 78336K, used 59609K [0x00000000c0000000, 0x00000000c4c80000, 0x00000000eaa80000)
  object space 78336K, 76% used [0x00000000c0000000,0x00000000c3a36738,0x00000000c4c80000)
 PSPermGen       total 21504K, used 6455K [0x00000000b5a00000, 0x00000000b6f00000, 0x00000000c0000000)
  object space 21504K, 30% used [0x00000000b5a00000,0x00000000b604dc50,0x00000000b6f00000)
Event: 11.779 GC heap after
Heap after GC invocations=11 (full 1):
 PSYoungGen      total 266752K, used 48102K [0x00000000eaa80000, 0x0000000100000000, 0x0000000100000000)
  eden space 218624K, 0% used [0x00000000eaa80000,0x00000000eaa80000,0x00000000f8000000)
  from space 48128K, 99% used [0x00000000fd100000,0x00000000ffff99e8,0x0000000100000000)
  to   space 65536K, 0% used [0x00000000f8000000,0x00000000f8000000,0x00000000fc000000)
 ParOldGen       total 83456K, used 83201K [0x00000000c0000000, 0x00000000c5180000, 0x00000000eaa80000)
  object space 83456K, 99% used [0x00000000c0000000,0x00000000c5140408,0x00000000c5180000)
 PSPermGen       total 21504K, used 6455K [0x00000000b5a00000, 0x00000000b6f00000, 0x00000000c0000000)
  object space 21504K, 30% used [0x00000000b5a00000,0x00000000b604dc50,0x00000000b6f00000)
}
Event: 11.779 GC heap before
{Heap before GC invocations=12 (full 2):
 PSYoungGen      total 266752K, used 48102K [0x00000000eaa80000, 0x0000000100000000, 0x0000000100000000)
  eden space 218624K, 0% used [0x00000000eaa80000,0x00000000eaa80000,0x00000000f8000000)
  from space 48128K, 99% used [0x00000000fd100000,0x00000000ffff99e8,0x0000000100000000)
  to   space 65536K, 0% used [0x00000000f8000000,0x00000000f8000000,0x00000000fc000000)
 ParOldGen       total 83456K, used 83201K [0x00000000c0000000, 0x00000000c5180000, 0x00000000eaa80000)
  object space 83456K, 99% used [0x00000000c0000000,0x00000000c5140408,0x00000000c5180000)
 PSPermGen       total 21504K, used 6455K [0x00000000b5a00000, 0x00000000b6f00000, 0x00000000c0000000)
  object space 21504K, 30% used [0x00000000b5a00000,0x00000000b604dc50,0x00000000b6f00000)
Event: 12.532 GC heap after
Heap after GC invocations=12 (full 2):
 PSYoungGen      total 266752K, used 44356K [0x00000000eaa80000, 0x0000000100000000, 0x0000000100000000)
  eden space 218624K, 0% used [0x00000000eaa80000,0x00000000eaa80000,0x00000000f8000000)
  from space 48128K, 92% used [0x00000000fd100000,0x00000000ffc51370,0x0000000100000000)
  to   space 65536K, 0% used [0x00000000f8000000,0x00000000f8000000,0x00000000fc000000)
 ParOldGen       total 149504K, used 83251K [0x00000000c0000000, 0x00000000c9200000, 0x00000000eaa80000)
  object space 149504K, 55% used [0x00000000c0000000,0x00000000c514cd68,0x00000000c9200000)
 PSPermGen       total 21504K, used 6453K [0x00000000b5a00000, 0x00000000b6f00000, 0x00000000c0000000)
  object space 21504K, 30% used [0x00000000b5a00000,0x00000000b604d790,0x00000000b6f00000)
}
Event: 13.350 GC heap before
{Heap before GC invocations=13 (full 2):
 PSYoungGen      total 266752K, used 262980K [0x00000000eaa80000, 0x0000000100000000, 0x0000000100000000)
  eden space 218624K, 100% used [0x00000000eaa80000,0x00000000f8000000,0x00000000f8000000)
  from space 48128K, 92% used [0x00000000fd100000,0x00000000ffc51370,0x0000000100000000)
  to   space 65536K, 0% used [0x00000000f8000000,0x00000000f8000000,0x00000000fc000000)
 ParOldGen       total 149504K, used 83251K [0x00000000c0000000, 0x00000000c9200000, 0x00000000eaa80000)
  object space 149504K, 55% used [0x00000000c0000000,0x00000000c514cd68,0x00000000c9200000)
 PSPermGen       total 21504K, used 6473K [0x00000000b5a00000, 0x00000000b6f00000, 0x00000000c0000000)
  object space 21504K, 30% used [0x00000000b5a00000,0x00000000b6052628,0x00000000b6f00000)
Event: 13.679 GC heap after
Heap after GC invocations=13 (full 2):
 PSYoungGen      total 254464K, used 35791K [0x00000000eaa80000, 0x0000000100000000, 0x0000000100000000)
  eden space 218624K, 0% used [0x00000000eaa80000,0x00000000eaa80000,0x00000000f8000000)
  from space 35840K, 99% used [0x00000000f8000000,0x00000000fa2f3e40,0x00000000fa300000)
  to   space 66048K, 0% used [0x00000000fbf80000,0x00000000fbf80000,0x0000000100000000)
 ParOldGen       total 149504K, used 126591K [0x00000000c0000000, 0x00000000c9200000, 0x00000000eaa80000)
  object space 149504K, 84% used [0x00000000c0000000,0x00000000c7b9fd78,0x00000000c9200000)
 PSPermGen       total 21504K, used 6473K [0x00000000b5a00000, 0x00000000b6f00000, 0x00000000c0000000)
  object space 21504K, 30% used [0x00000000b5a00000,0x00000000b6052628,0x00000000b6f00000)
}
Event: 13.679 GC heap before
{Heap before GC invocations=14 (full 3):
 PSYoungGen      total 254464K, used 35791K [0x00000000eaa80000, 0x0000000100000000, 0x0000000100000000)
  eden space 218624K, 0% used [0x00000000eaa80000,0x00000000eaa80000,0x00000000f8000000)
  from space 35840K, 99% used [0x00000000f8000000,0x00000000fa2f3e40,0x00000000fa300000)
  to   space 66048K, 0% used [0x00000000fbf80000,0x00000000fbf80000,0x0000000100000000)
 ParOldGen       total 149504K, used 126591K [0x00000000c0000000, 0x00000000c9200000, 0x00000000eaa80000)
  object space 149504K, 84% used [0x00000000c0000000,0x00000000c7b9fd78,0x00000000c9200000)
 PSPermGen       total 21504K, used 6473K [0x00000000b5a00000, 0x00000000b6f00000, 0x00000000c0000000)
  object space 21504K, 30% used [0x00000000b5a00000,0x00000000b6052628,0x00000000b6f00000)

