# JRE version: OpenJDK Runtime Environment (7.0_91-b02) (build 1.7.0_91-b02)
# Java VM: OpenJDK 64-Bit Server VM (24.91-b01 mixed mode linux-amd64 compressed oops)
Heap
 PSYoungGen      total 267264K, used 3886K [0x00000000eaa80000, 0x0000000100000000, 0x0000000100000000)
  eden space 217088K, 0% used [0x00000000eaa80000,0x00000000eaa80000,0x00000000f7e80000)
  from space 50176K, 7% used [0x00000000f7e80000,0x00000000f824ba50,0x00000000faf80000)
  to   space 52736K, 0% used [0x00000000fcc80000,0x00000000fcc80000,0x0000000100000000)
 ParOldGen       total 141312K, used 141257K [0x00000000c0000000, 0x00000000c8a00000, 0x00000000eaa80000)
  object space 141312K, 99% used [0x00000000c0000000,0x00000000c89f24a8,0x00000000c8a00000)
 PSPermGen       total 21504K, used 6462K [0x00000000b5a00000, 0x00000000b6f00000, 0x00000000c0000000)
  object space 21504K, 30% used [0x00000000b5a00000,0x00000000b604fad0,0x00000000b6f00000)
GC Heap History (10 events):
Event: 9.381 GC heap after
Heap after GC invocations=11 (full 1):
 PSYoungGen      total 207872K, used 17096K [0x00000000eaa80000, 0x00000000f9b80000, 0x0000000100000000)
  eden space 181248K, 0% used [0x00000000eaa80000,0x00000000eaa80000,0x00000000f5b80000)
  from space 26624K, 64% used [0x00000000f7980000,0x00000000f8a32010,0x00000000f9380000)
  to   space 30720K, 0% used [0x00000000f5b80000,0x00000000f5b80000,0x00000000f7980000)
 ParOldGen       total 76288K, used 40892K [0x00000000c0000000, 0x00000000c4a80000, 0x00000000eaa80000)
  object space 76288K, 53% used [0x00000000c0000000,0x00000000c27ef3c8,0x00000000c4a80000)
 PSPermGen       total 21504K, used 6404K [0x00000000b5a00000, 0x00000000b6f00000, 0x00000000c0000000)
  object space 21504K, 29% used [0x00000000b5a00000,0x00000000b6041348,0x00000000b6f00000)
}
Event: 11.305 GC heap before
{Heap before GC invocations=12 (full 1):
 PSYoungGen      total 207872K, used 198344K [0x00000000eaa80000, 0x00000000f9b80000, 0x0000000100000000)
  eden space 181248K, 100% used [0x00000000eaa80000,0x00000000f5b80000,0x00000000f5b80000)
  from space 26624K, 64% used [0x00000000f7980000,0x00000000f8a32010,0x00000000f9380000)
  to   space 30720K, 0% used [0x00000000f5b80000,0x00000000f5b80000,0x00000000f7980000)
 ParOldGen       total 76288K, used 40892K [0x00000000c0000000, 0x00000000c4a80000, 0x00000000eaa80000)
  object space 76288K, 53% used [0x00000000c0000000,0x00000000c27ef3c8,0x00000000c4a80000)
 PSPermGen       total 21504K, used 6436K [0x00000000b5a00000, 0x00000000b6f00000, 0x00000000c0000000)
  object space 21504K, 29% used [0x00000000b5a00000,0x00000000b60491f8,0x00000000b6f00000)
Event: 11.394 GC heap after
Heap after GC invocations=12 (full 1):
 PSYoungGen      total 211968K, used 29888K [0x00000000eaa80000, 0x00000000fd280000, 0x0000000100000000)
  eden space 181248K, 0% used [0x00000000eaa80000,0x00000000eaa80000,0x00000000f5b80000)
  from space 30720K, 97% used [0x00000000f5b80000,0x00000000f78b0030,0x00000000f7980000)
  to   space 35840K, 0% used [0x00000000faf80000,0x00000000faf80000,0x00000000fd280000)
 ParOldGen       total 76288K, used 56964K [0x00000000c0000000, 0x00000000c4a80000, 0x00000000eaa80000)
  object space 76288K, 74% used [0x00000000c0000000,0x00000000c37a1300,0x00000000c4a80000)
 PSPermGen       total 21504K, used 6436K [0x00000000b5a00000, 0x00000000b6f00000, 0x00000000c0000000)
  object space 21504K, 29% used [0x00000000b5a00000,0x00000000b60491f8,0x00000000b6f00000)
}
Event: 12.589 GC heap before
{Heap before GC invocations=13 (full 1):
 PSYoungGen      total 211968K, used 211136K [0x00000000eaa80000, 0x00000000fd280000, 0x0000000100000000)
  eden space 181248K, 100% used [0x00000000eaa80000,0x00000000f5b80000,0x00000000f5b80000)
  from space 30720K, 97% used [0x00000000f5b80000,0x00000000f78b0030,0x00000000f7980000)
  to   space 35840K, 0% used [0x00000000faf80000,0x00000000faf80000,0x00000000fd280000)
 ParOldGen       total 76288K, used 56964K [0x00000000c0000000, 0x00000000c4a80000, 0x00000000eaa80000)
  object space 76288K, 74% used [0x00000000c0000000,0x00000000c37a1300,0x00000000c4a80000)
 PSPermGen       total 21504K, used 6450K [0x00000000b5a00000, 0x00000000b6f00000, 0x00000000c0000000)
  object space 21504K, 29% used [0x00000000b5a00000,0x00000000b604cbf8,0x00000000b6f00000)
Event: 12.672 GC heap after
Heap after GC invocations=13 (full 1):
 PSYoungGen      total 252928K, used 35817K [0x00000000eaa80000, 0x00000000ff380000, 0x0000000100000000)
  eden space 217088K, 0% used [0x00000000eaa80000,0x00000000eaa80000,0x00000000f7e80000)
  from space 35840K, 99% used [0x00000000faf80000,0x00000000fd27a458,0x00000000fd280000)
  to   space 50176K, 0% used [0x00000000f7e80000,0x00000000f7e80000,0x00000000faf80000)
 ParOldGen       total 78848K, used 78381K [0x00000000c0000000, 0x00000000c4d00000, 0x00000000eaa80000)
  object space 78848K, 99% used [0x00000000c0000000,0x00000000c4c8b758,0x00000000c4d00000)
 PSPermGen       total 21504K, used 6450K [0x00000000b5a00000, 0x00000000b6f00000, 0x00000000c0000000)
  object space 21504K, 29% used [0x00000000b5a00000,0x00000000b604cbf8,0x00000000b6f00000)
}
Event: 12.672 GC heap before
{Heap before GC invocations=14 (full 2):
 PSYoungGen      total 252928K, used 35817K [0x00000000eaa80000, 0x00000000ff380000, 0x0000000100000000)
  eden space 217088K, 0% used [0x00000000eaa80000,0x00000000eaa80000,0x00000000f7e80000)
  from space 35840K, 99% used [0x00000000faf80000,0x00000000fd27a458,0x00000000fd280000)
  to   space 50176K, 0% used [0x00000000f7e80000,0x00000000f7e80000,0x00000000faf80000)
 ParOldGen       total 78848K, used 78381K [0x00000000c0000000, 0x00000000c4d00000, 0x00000000eaa80000)
  object space 78848K, 99% used [0x00000000c0000000,0x00000000c4c8b758,0x00000000c4d00000)
 PSPermGen       total 21504K, used 6450K [0x00000000b5a00000, 0x00000000b6f00000, 0x00000000c0000000)
  object space 21504K, 29% used [0x00000000b5a00000,0x00000000b604cbf8,0x00000000b6f00000)
Event: 13.638 GC heap after
Heap after GC invocations=14 (full 2):
 PSYoungGen      total 252928K, used 34597K [0x00000000eaa80000, 0x00000000ff380000, 0x0000000100000000)
  eden space 217088K, 0% used [0x00000000eaa80000,0x00000000eaa80000,0x00000000f7e80000)
  from space 35840K, 96% used [0x00000000faf80000,0x00000000fd149540,0x00000000fd280000)
  to   space 50176K, 0% used [0x00000000f7e80000,0x00000000f7e80000,0x00000000faf80000)
 ParOldGen       total 141312K, used 78674K [0x00000000c0000000, 0x00000000c8a00000, 0x00000000eaa80000)
  object space 141312K, 55% used [0x00000000c0000000,0x00000000c4cd49c8,0x00000000c8a00000)
 PSPermGen       total 21504K, used 6449K [0x00000000b5a00000, 0x00000000b6f00000, 0x00000000c0000000)
  object space 21504K, 29% used [0x00000000b5a00000,0x00000000b604c6d8,0x00000000b6f00000)
}
Event: 14.935 GC heap before
{Heap before GC invocations=15 (full 2):
 PSYoungGen      total 252928K, used 251685K [0x00000000eaa80000, 0x00000000ff380000, 0x0000000100000000)
  eden space 217088K, 100% used [0x00000000eaa80000,0x00000000f7e80000,0x00000000f7e80000)
  from space 35840K, 96% used [0x00000000faf80000,0x00000000fd149540,0x00000000fd280000)
  to   space 50176K, 0% used [0x00000000f7e80000,0x00000000f7e80000,0x00000000faf80000)
 ParOldGen       total 141312K, used 78674K [0x00000000c0000000, 0x00000000c8a00000, 0x00000000eaa80000)
  object space 141312K, 55% used [0x00000000c0000000,0x00000000c4cd49c8,0x00000000c8a00000)
 PSPermGen       total 21504K, used 6463K [0x00000000b5a00000, 0x00000000b6f00000, 0x00000000c0000000)
  object space 21504K, 30% used [0x00000000b5a00000,0x00000000b604fcd0,0x00000000b6f00000)
Event: 15.065 GC heap after
Heap after GC invocations=15 (full 2):
 PSYoungGen      total 267264K, used 34223K [0x00000000eaa80000, 0x0000000100000000, 0x0000000100000000)
  eden space 217088K, 0% used [0x00000000eaa80000,0x00000000eaa80000,0x00000000f7e80000)
  from space 50176K, 68% used [0x00000000f7e80000,0x00000000f9febf40,0x00000000faf80000)
  to   space 52736K, 0% used [0x00000000fcc80000,0x00000000fcc80000,0x0000000100000000)
 ParOldGen       total 141312K, used 112993K [0x00000000c0000000, 0x00000000c8a00000, 0x00000000eaa80000)
  object space 141312K, 79% used [0x00000000c0000000,0x00000000c6e585f8,0x00000000c8a00000)
 PSPermGen       total 21504K, used 6463K [0x00000000b5a00000, 0x00000000b6f00000, 0x00000000c0000000)
  object space 21504K, 30% used [0x00000000b5a00000,0x00000000b604fcd0,0x00000000b6f00000)
}
Event: 15.065 GC heap before
{Heap before GC invocations=16 (full 3):
 PSYoungGen      total 267264K, used 34223K [0x00000000eaa80000, 0x0000000100000000, 0x0000000100000000)
  eden space 217088K, 0% used [0x00000000eaa80000,0x00000000eaa80000,0x00000000f7e80000)
  from space 50176K, 68% used [0x00000000f7e80000,0x00000000f9febf40,0x00000000faf80000)
  to   space 52736K, 0% used [0x00000000fcc80000,0x00000000fcc80000,0x0000000100000000)
 ParOldGen       total 141312K, used 112993K [0x00000000c0000000, 0x00000000c8a00000, 0x00000000eaa80000)
  object space 141312K, 79% used [0x00000000c0000000,0x00000000c6e585f8,0x00000000c8a00000)
 PSPermGen       total 21504K, used 6463K [0x00000000b5a00000, 0x00000000b6f00000, 0x00000000c0000000)
  object space 21504K, 30% used [0x00000000b5a00000,0x00000000b604fcd0,0x00000000b6f00000)

