# JRE version: OpenJDK Runtime Environment (7.0_91-b02) (build 1.7.0_91-b02)
# Java VM: OpenJDK 64-Bit Server VM (24.91-b01 mixed mode linux-amd64 compressed oops)
Heap
 PSYoungGen      total 216064K, used 49965K [0x00000000eaa80000, 0x0000000100000000, 0x0000000100000000)
  eden space 161280K, 0% used [0x00000000eaa80000,0x00000000eaa80000,0x00000000f4800000)
  from space 54784K, 91% used [0x00000000fca80000,0x00000000ffb4b6a0,0x0000000100000000)
  to   space 94208K, 0% used [0x00000000f4800000,0x00000000f4800000,0x00000000fa400000)
 ParOldGen       total 148480K, used 148454K [0x00000000c0000000, 0x00000000c9100000, 0x00000000eaa80000)
  object space 148480K, 99% used [0x00000000c0000000,0x00000000c90f9960,0x00000000c9100000)
 PSPermGen       total 21504K, used 6484K [0x00000000b5a00000, 0x00000000b6f00000, 0x00000000c0000000)
  object space 21504K, 30% used [0x00000000b5a00000,0x00000000b60553d8,0x00000000b6f00000)
GC Heap History (10 events):
Event: 9.447 GC heap after
Heap after GC invocations=10 (full 1):
 PSYoungGen      total 264704K, used 33248K [0x00000000eaa80000, 0x0000000100000000, 0x0000000100000000)
  eden space 231424K, 0% used [0x00000000eaa80000,0x00000000eaa80000,0x00000000f8c80000)
  from space 33280K, 99% used [0x00000000f8c80000,0x00000000facf8030,0x00000000fad00000)
  to   space 47616K, 0% used [0x00000000fd180000,0x00000000fd180000,0x0000000100000000)
 ParOldGen       total 79360K, used 61038K [0x00000000c0000000, 0x00000000c4d80000, 0x00000000eaa80000)
  object space 79360K, 76% used [0x00000000c0000000,0x00000000c3b9b970,0x00000000c4d80000)
 PSPermGen       total 21504K, used 6433K [0x00000000b5a00000, 0x00000000b6f00000, 0x00000000c0000000)
  object space 21504K, 29% used [0x00000000b5a00000,0x00000000b6048610,0x00000000b6f00000)
}
Event: 9.447 GC heap before
{Heap before GC invocations=11 (full 2):
 PSYoungGen      total 264704K, used 33248K [0x00000000eaa80000, 0x0000000100000000, 0x0000000100000000)
  eden space 231424K, 0% used [0x00000000eaa80000,0x00000000eaa80000,0x00000000f8c80000)
  from space 33280K, 99% used [0x00000000f8c80000,0x00000000facf8030,0x00000000fad00000)
  to   space 47616K, 0% used [0x00000000fd180000,0x00000000fd180000,0x0000000100000000)
 ParOldGen       total 79360K, used 61038K [0x00000000c0000000, 0x00000000c4d80000, 0x00000000eaa80000)
  object space 79360K, 76% used [0x00000000c0000000,0x00000000c3b9b970,0x00000000c4d80000)
 PSPermGen       total 21504K, used 6433K [0x00000000b5a00000, 0x00000000b6f00000, 0x00000000c0000000)
  object space 21504K, 29% used [0x00000000b5a00000,0x00000000b6048610,0x00000000b6f00000)
Event: 9.865 GC heap after
Heap after GC invocations=11 (full 2):
 PSYoungGen      total 264704K, used 13224K [0x00000000eaa80000, 0x0000000100000000, 0x0000000100000000)
  eden space 231424K, 0% used [0x00000000eaa80000,0x00000000eaa80000,0x00000000f8c80000)
  from space 33280K, 39% used [0x00000000f8c80000,0x00000000f996a100,0x00000000fad00000)
  to   space 47616K, 0% used [0x00000000fd180000,0x00000000fd180000,0x0000000100000000)
 ParOldGen       total 142848K, used 79001K [0x00000000c0000000, 0x00000000c8b80000, 0x00000000eaa80000)
  object space 142848K, 55% used [0x00000000c0000000,0x00000000c4d264c0,0x00000000c8b80000)
 PSPermGen       total 21504K, used 6432K [0x00000000b5a00000, 0x00000000b6f00000, 0x00000000c0000000)
  object space 21504K, 29% used [0x00000000b5a00000,0x00000000b6048310,0x00000000b6f00000)
}
Event: 10.772 GC heap before
{Heap before GC invocations=12 (full 2):
 PSYoungGen      total 264704K, used 244648K [0x00000000eaa80000, 0x0000000100000000, 0x0000000100000000)
  eden space 231424K, 100% used [0x00000000eaa80000,0x00000000f8c80000,0x00000000f8c80000)
  from space 33280K, 39% used [0x00000000f8c80000,0x00000000f996a100,0x00000000fad00000)
  to   space 47616K, 0% used [0x00000000fd180000,0x00000000fd180000,0x0000000100000000)
 ParOldGen       total 142848K, used 79001K [0x00000000c0000000, 0x00000000c8b80000, 0x00000000eaa80000)
  object space 142848K, 55% used [0x00000000c0000000,0x00000000c4d264c0,0x00000000c8b80000)
 PSPermGen       total 21504K, used 6449K [0x00000000b5a00000, 0x00000000b6f00000, 0x00000000c0000000)
  object space 21504K, 29% used [0x00000000b5a00000,0x00000000b604c698,0x00000000b6f00000)
Event: 10.852 GC heap after
Heap after GC invocations=12 (full 2):
 PSYoungGen      total 287744K, used 44115K [0x00000000eaa80000, 0x0000000100000000, 0x0000000100000000)
  eden space 240128K, 0% used [0x00000000eaa80000,0x00000000eaa80000,0x00000000f9500000)
  from space 47616K, 92% used [0x00000000fd180000,0x00000000ffc94fb0,0x0000000100000000)
  to   space 54784K, 0% used [0x00000000f9500000,0x00000000f9500000,0x00000000fca80000)
 ParOldGen       total 142848K, used 83906K [0x00000000c0000000, 0x00000000c8b80000, 0x00000000eaa80000)
  object space 142848K, 58% used [0x00000000c0000000,0x00000000c51f0b90,0x00000000c8b80000)
 PSPermGen       total 21504K, used 6449K [0x00000000b5a00000, 0x00000000b6f00000, 0x00000000c0000000)
  object space 21504K, 29% used [0x00000000b5a00000,0x00000000b604c698,0x00000000b6f00000)
}
Event: 11.541 GC heap before
{Heap before GC invocations=13 (full 2):
 PSYoungGen      total 287744K, used 284243K [0x00000000eaa80000, 0x0000000100000000, 0x0000000100000000)
  eden space 240128K, 100% used [0x00000000eaa80000,0x00000000f9500000,0x00000000f9500000)
  from space 47616K, 92% used [0x00000000fd180000,0x00000000ffc94fb0,0x0000000100000000)
  to   space 54784K, 0% used [0x00000000f9500000,0x00000000f9500000,0x00000000fca80000)
 ParOldGen       total 142848K, used 83906K [0x00000000c0000000, 0x00000000c8b80000, 0x00000000eaa80000)
  object space 142848K, 58% used [0x00000000c0000000,0x00000000c51f0b90,0x00000000c8b80000)
 PSPermGen       total 21504K, used 6473K [0x00000000b5a00000, 0x00000000b6f00000, 0x00000000c0000000)
  object space 21504K, 30% used [0x00000000b5a00000,0x00000000b6052430,0x00000000b6f00000)
Event: 11.645 GC heap after
Heap after GC invocations=13 (full 2):
 PSYoungGen      total 294912K, used 54765K [0x00000000eaa80000, 0x0000000100000000, 0x0000000100000000)
  eden space 240128K, 0% used [0x00000000eaa80000,0x00000000eaa80000,0x00000000f9500000)
  from space 54784K, 99% used [0x00000000f9500000,0x00000000fca7b4e8,0x00000000fca80000)
  to   space 54784K, 0% used [0x00000000fca80000,0x00000000fca80000,0x0000000100000000)
 ParOldGen       total 142848K, used 111532K [0x00000000c0000000, 0x00000000c8b80000, 0x00000000eaa80000)
  object space 142848K, 78% used [0x00000000c0000000,0x00000000c6ceb1e8,0x00000000c8b80000)
 PSPermGen       total 21504K, used 6473K [0x00000000b5a00000, 0x00000000b6f00000, 0x00000000c0000000)
  object space 21504K, 30% used [0x00000000b5a00000,0x00000000b6052430,0x00000000b6f00000)
}
Event: 12.346 GC heap before
{Heap before GC invocations=14 (full 2):
 PSYoungGen      total 294912K, used 294893K [0x00000000eaa80000, 0x0000000100000000, 0x0000000100000000)
  eden space 240128K, 100% used [0x00000000eaa80000,0x00000000f9500000,0x00000000f9500000)
  from space 54784K, 99% used [0x00000000f9500000,0x00000000fca7b4e8,0x00000000fca80000)
  to   space 54784K, 0% used [0x00000000fca80000,0x00000000fca80000,0x0000000100000000)
 ParOldGen       total 142848K, used 111532K [0x00000000c0000000, 0x00000000c8b80000, 0x00000000eaa80000)
  object space 142848K, 78% used [0x00000000c0000000,0x00000000c6ceb1e8,0x00000000c8b80000)
 PSPermGen       total 21504K, used 6485K [0x00000000b5a00000, 0x00000000b6f00000, 0x00000000c0000000)
  object space 21504K, 30% used [0x00000000b5a00000,0x00000000b6055698,0x00000000b6f00000)
Event: 12.493 GC heap after
Heap after GC invocations=14 (full 2):
 PSYoungGen      total 216064K, used 54778K [0x00000000eaa80000, 0x0000000100000000, 0x0000000100000000)
  eden space 161280K, 0% used [0x00000000eaa80000,0x00000000eaa80000,0x00000000f4800000)
  from space 54784K, 99% used [0x00000000fca80000,0x00000000ffffeb28,0x0000000100000000)
  to   space 94208K, 0% used [0x00000000f4800000,0x00000000f4800000,0x00000000fa400000)
 ParOldGen       total 148480K, used 148180K [0x00000000c0000000, 0x00000000c9100000, 0x00000000eaa80000)
  object space 148480K, 99% used [0x00000000c0000000,0x00000000c90b5260,0x00000000c9100000)
 PSPermGen       total 21504K, used 6485K [0x00000000b5a00000, 0x00000000b6f00000, 0x00000000c0000000)
  object space 21504K, 30% used [0x00000000b5a00000,0x00000000b6055698,0x00000000b6f00000)
}
Event: 12.493 GC heap before
{Heap before GC invocations=15 (full 3):
 PSYoungGen      total 216064K, used 54778K [0x00000000eaa80000, 0x0000000100000000, 0x0000000100000000)
  eden space 161280K, 0% used [0x00000000eaa80000,0x00000000eaa80000,0x00000000f4800000)
  from space 54784K, 99% used [0x00000000fca80000,0x00000000ffffeb28,0x0000000100000000)
  to   space 94208K, 0% used [0x00000000f4800000,0x00000000f4800000,0x00000000fa400000)
 ParOldGen       total 148480K, used 148180K [0x00000000c0000000, 0x00000000c9100000, 0x00000000eaa80000)
  object space 148480K, 99% used [0x00000000c0000000,0x00000000c90b5260,0x00000000c9100000)
 PSPermGen       total 21504K, used 6485K [0x00000000b5a00000, 0x00000000b6f00000, 0x00000000c0000000)
  object space 21504K, 30% used [0x00000000b5a00000,0x00000000b6055698,0x00000000b6f00000)

