# JRE version: OpenJDK Runtime Environment (7.0_91-b02) (build 1.7.0_91-b02)
# Java VM: OpenJDK 64-Bit Server VM (24.91-b01 mixed mode linux-amd64 compressed oops)
Heap
 PSYoungGen      total 294400K, used 294378K [0x00000000eaa80000, 0x0000000100000000, 0x0000000100000000)
  eden space 239104K, 100% used [0x00000000eaa80000,0x00000000f9400000,0x00000000f9400000)
  from space 55296K, 99% used [0x00000000f9400000,0x00000000fc9fa808,0x00000000fca00000)
  to   space 55296K, 99% used [0x00000000fca00000,0x00000000ffffd378,0x0000000100000000)
 ParOldGen       total 135680K, used 135678K [0x00000000c0000000, 0x00000000c8480000, 0x00000000eaa80000)
  object space 135680K, 99% used [0x00000000c0000000,0x00000000c847f8f0,0x00000000c8480000)
 PSPermGen       total 21504K, used 6496K [0x00000000b5a00000, 0x00000000b6f00000, 0x00000000c0000000)
  object space 21504K, 30% used [0x00000000b5a00000,0x00000000b6058158,0x00000000b6f00000)
GC Heap History (10 events):
Event: 7.694 GC heap after
Heap after GC invocations=9 (full 1):
 PSYoungGen      total 257024K, used 15229K [0x00000000eaa80000, 0x00000000fd680000, 0x0000000100000000)
  eden space 232960K, 0% used [0x00000000eaa80000,0x00000000eaa80000,0x00000000f8e00000)
  from space 24064K, 63% used [0x00000000fae00000,0x00000000fbcdf678,0x00000000fc580000)
  to   space 32768K, 0% used [0x00000000f8e00000,0x00000000f8e00000,0x00000000fae00000)
 ParOldGen       total 77312K, used 40455K [0x00000000c0000000, 0x00000000c4b80000, 0x00000000eaa80000)
  object space 77312K, 52% used [0x00000000c0000000,0x00000000c2781e38,0x00000000c4b80000)
 PSPermGen       total 21504K, used 6403K [0x00000000b5a00000, 0x00000000b6f00000, 0x00000000c0000000)
  object space 21504K, 29% used [0x00000000b5a00000,0x00000000b6040d30,0x00000000b6f00000)
}
Event: 10.097 GC heap before
{Heap before GC invocations=10 (full 1):
 PSYoungGen      total 257024K, used 248189K [0x00000000eaa80000, 0x00000000fd680000, 0x0000000100000000)
  eden space 232960K, 100% used [0x00000000eaa80000,0x00000000f8e00000,0x00000000f8e00000)
  from space 24064K, 63% used [0x00000000fae00000,0x00000000fbcdf678,0x00000000fc580000)
  to   space 32768K, 0% used [0x00000000f8e00000,0x00000000f8e00000,0x00000000fae00000)
 ParOldGen       total 77312K, used 40455K [0x00000000c0000000, 0x00000000c4b80000, 0x00000000eaa80000)
  object space 77312K, 52% used [0x00000000c0000000,0x00000000c2781e38,0x00000000c4b80000)
 PSPermGen       total 21504K, used 6444K [0x00000000b5a00000, 0x00000000b6f00000, 0x00000000c0000000)
  object space 21504K, 29% used [0x00000000b5a00000,0x00000000b604b310,0x00000000b6f00000)
Event: 10.192 GC heap after
Heap after GC invocations=10 (full 1):
 PSYoungGen      total 265728K, used 32736K [0x00000000eaa80000, 0x0000000100000000, 0x0000000100000000)
  eden space 232960K, 0% used [0x00000000eaa80000,0x00000000eaa80000,0x00000000f8e00000)
  from space 32768K, 99% used [0x00000000f8e00000,0x00000000fadf8010,0x00000000fae00000)
  to   space 47104K, 0% used [0x00000000fd200000,0x00000000fd200000,0x0000000100000000)
 ParOldGen       total 77312K, used 60690K [0x00000000c0000000, 0x00000000c4b80000, 0x00000000eaa80000)
  object space 77312K, 78% used [0x00000000c0000000,0x00000000c3b44b80,0x00000000c4b80000)
 PSPermGen       total 21504K, used 6444K [0x00000000b5a00000, 0x00000000b6f00000, 0x00000000c0000000)
  object space 21504K, 29% used [0x00000000b5a00000,0x00000000b604b310,0x00000000b6f00000)
}
Event: 10.192 GC heap before
{Heap before GC invocations=11 (full 2):
 PSYoungGen      total 265728K, used 32736K [0x00000000eaa80000, 0x0000000100000000, 0x0000000100000000)
  eden space 232960K, 0% used [0x00000000eaa80000,0x00000000eaa80000,0x00000000f8e00000)
  from space 32768K, 99% used [0x00000000f8e00000,0x00000000fadf8010,0x00000000fae00000)
  to   space 47104K, 0% used [0x00000000fd200000,0x00000000fd200000,0x0000000100000000)
 ParOldGen       total 77312K, used 60690K [0x00000000c0000000, 0x00000000c4b80000, 0x00000000eaa80000)
  object space 77312K, 78% used [0x00000000c0000000,0x00000000c3b44b80,0x00000000c4b80000)
 PSPermGen       total 21504K, used 6444K [0x00000000b5a00000, 0x00000000b6f00000, 0x00000000c0000000)
  object space 21504K, 29% used [0x00000000b5a00000,0x00000000b604b310,0x00000000b6f00000)
Event: 10.584 GC heap after
Heap after GC invocations=11 (full 2):
 PSYoungGen      total 265728K, used 14255K [0x00000000eaa80000, 0x0000000100000000, 0x0000000100000000)
  eden space 232960K, 0% used [0x00000000eaa80000,0x00000000eaa80000,0x00000000f8e00000)
  from space 32768K, 43% used [0x00000000f8e00000,0x00000000f9bebf48,0x00000000fae00000)
  to   space 47104K, 0% used [0x00000000fd200000,0x00000000fd200000,0x0000000100000000)
 ParOldGen       total 135680K, used 77057K [0x00000000c0000000, 0x00000000c8480000, 0x00000000eaa80000)
  object space 135680K, 56% used [0x00000000c0000000,0x00000000c4b40470,0x00000000c8480000)
 PSPermGen       total 21504K, used 6443K [0x00000000b5a00000, 0x00000000b6f00000, 0x00000000c0000000)
  object space 21504K, 29% used [0x00000000b5a00000,0x00000000b604afb0,0x00000000b6f00000)
}
Event: 11.914 GC heap before
{Heap before GC invocations=12 (full 2):
 PSYoungGen      total 265728K, used 247215K [0x00000000eaa80000, 0x0000000100000000, 0x0000000100000000)
  eden space 232960K, 100% used [0x00000000eaa80000,0x00000000f8e00000,0x00000000f8e00000)
  from space 32768K, 43% used [0x00000000f8e00000,0x00000000f9bebf48,0x00000000fae00000)
  to   space 47104K, 0% used [0x00000000fd200000,0x00000000fd200000,0x0000000100000000)
 ParOldGen       total 135680K, used 77057K [0x00000000c0000000, 0x00000000c8480000, 0x00000000eaa80000)
  object space 135680K, 56% used [0x00000000c0000000,0x00000000c4b40470,0x00000000c8480000)
 PSPermGen       total 21504K, used 6460K [0x00000000b5a00000, 0x00000000b6f00000, 0x00000000c0000000)
  object space 21504K, 30% used [0x00000000b5a00000,0x00000000b604f128,0x00000000b6f00000)
Event: 11.997 GC heap after
Heap after GC invocations=12 (full 2):
 PSYoungGen      total 286208K, used 46614K [0x00000000eaa80000, 0x0000000100000000, 0x0000000100000000)
  eden space 239104K, 0% used [0x00000000eaa80000,0x00000000eaa80000,0x00000000f9400000)
  from space 47104K, 98% used [0x00000000fd200000,0x00000000fff85918,0x0000000100000000)
  to   space 55296K, 0% used [0x00000000f9400000,0x00000000f9400000,0x00000000fca00000)
 ParOldGen       total 135680K, used 81726K [0x00000000c0000000, 0x00000000c8480000, 0x00000000eaa80000)
  object space 135680K, 60% used [0x00000000c0000000,0x00000000c4fcf8c8,0x00000000c8480000)
 PSPermGen       total 21504K, used 6460K [0x00000000b5a00000, 0x00000000b6f00000, 0x00000000c0000000)
  object space 21504K, 30% used [0x00000000b5a00000,0x00000000b604f128,0x00000000b6f00000)
}
Event: 12.946 GC heap before
{Heap before GC invocations=13 (full 2):
 PSYoungGen      total 286208K, used 285718K [0x00000000eaa80000, 0x0000000100000000, 0x0000000100000000)
  eden space 239104K, 100% used [0x00000000eaa80000,0x00000000f9400000,0x00000000f9400000)
  from space 47104K, 98% used [0x00000000fd200000,0x00000000fff85918,0x0000000100000000)
  to   space 55296K, 0% used [0x00000000f9400000,0x00000000f9400000,0x00000000fca00000)
 ParOldGen       total 135680K, used 81726K [0x00000000c0000000, 0x00000000c8480000, 0x00000000eaa80000)
  object space 135680K, 60% used [0x00000000c0000000,0x00000000c4fcf8c8,0x00000000c8480000)
 PSPermGen       total 21504K, used 6482K [0x00000000b5a00000, 0x00000000b6f00000, 0x00000000c0000000)
  object space 21504K, 30% used [0x00000000b5a00000,0x00000000b6054980,0x00000000b6f00000)
Event: 13.338 GC heap after
Heap after GC invocations=13 (full 2):
 PSYoungGen      total 294400K, used 55274K [0x00000000eaa80000, 0x0000000100000000, 0x0000000100000000)
  eden space 239104K, 0% used [0x00000000eaa80000,0x00000000eaa80000,0x00000000f9400000)
  from space 55296K, 99% used [0x00000000f9400000,0x00000000fc9fa808,0x00000000fca00000)
  to   space 55296K, 0% used [0x00000000fca00000,0x00000000fca00000,0x0000000100000000)
 ParOldGen       total 135680K, used 110453K [0x00000000c0000000, 0x00000000c8480000, 0x00000000eaa80000)
  object space 135680K, 81% used [0x00000000c0000000,0x00000000c6bdd438,0x00000000c8480000)
 PSPermGen       total 21504K, used 6482K [0x00000000b5a00000, 0x00000000b6f00000, 0x00000000c0000000)
  object space 21504K, 30% used [0x00000000b5a00000,0x00000000b6054980,0x00000000b6f00000)
}
Event: 33.365 GC heap before
{Heap before GC invocations=14 (full 2):
 PSYoungGen      total 294400K, used 294378K [0x00000000eaa80000, 0x0000000100000000, 0x0000000100000000)
  eden space 239104K, 100% used [0x00000000eaa80000,0x00000000f9400000,0x00000000f9400000)
  from space 55296K, 99% used [0x00000000f9400000,0x00000000fc9fa808,0x00000000fca00000)
  to   space 55296K, 0% used [0x00000000fca00000,0x00000000fca00000,0x0000000100000000)
 ParOldGen       total 135680K, used 110453K [0x00000000c0000000, 0x00000000c8480000, 0x00000000eaa80000)
  object space 135680K, 81% used [0x00000000c0000000,0x00000000c6bdd438,0x00000000c8480000)
 PSPermGen       total 21504K, used 6496K [0x00000000b5a00000, 0x00000000b6f00000, 0x00000000c0000000)
  object space 21504K, 30% used [0x00000000b5a00000,0x00000000b6058158,0x00000000b6f00000)

