# JRE version: OpenJDK Runtime Environment (7.0_91-b02) (build 1.7.0_91-b02)
# Java VM: OpenJDK 64-Bit Server VM (24.91-b01 mixed mode linux-amd64 compressed oops)
Heap
 PSYoungGen      total 272896K, used 23328K [0x00000000eaa80000, 0x0000000100000000, 0x0000000100000000)
  eden space 196096K, 0% used [0x00000000eaa80000,0x00000000eaa80000,0x00000000f6a00000)
  from space 76800K, 30% used [0x00000000f6a00000,0x00000000f80c8038,0x00000000fb500000)
  to   space 72704K, 0% used [0x00000000fb900000,0x00000000fb900000,0x0000000100000000)
 ParOldGen       total 179200K, used 179158K [0x00000000c0000000, 0x00000000caf00000, 0x00000000eaa80000)
  object space 179200K, 99% used [0x00000000c0000000,0x00000000caef5af0,0x00000000caf00000)
 PSPermGen       total 21504K, used 6559K [0x00000000b5a00000, 0x00000000b6f00000, 0x00000000c0000000)
  object space 21504K, 30% used [0x00000000b5a00000,0x00000000b6067e20,0x00000000b6f00000)
GC Heap History (10 events):
Event: 10.381 GC heap after
Heap after GC invocations=11 (full 1):
 PSYoungGen      total 239104K, used 35320K [0x00000000eaa80000, 0x0000000100000000, 0x0000000100000000)
  eden space 203776K, 0% used [0x00000000eaa80000,0x00000000eaa80000,0x00000000f7180000)
  from space 35328K, 99% used [0x00000000fa580000,0x00000000fc7fe2f0,0x00000000fc800000)
  to   space 53248K, 0% used [0x00000000f7180000,0x00000000f7180000,0x00000000fa580000)
 ParOldGen       total 82944K, used 82943K [0x00000000c0000000, 0x00000000c5100000, 0x00000000eaa80000)
  object space 82944K, 99% used [0x00000000c0000000,0x00000000c50ffef0,0x00000000c5100000)
 PSPermGen       total 21504K, used 6451K [0x00000000b5a00000, 0x00000000b6f00000, 0x00000000c0000000)
  object space 21504K, 30% used [0x00000000b5a00000,0x00000000b604cde0,0x00000000b6f00000)
}
Event: 10.381 GC heap before
{Heap before GC invocations=12 (full 2):
 PSYoungGen      total 239104K, used 35320K [0x00000000eaa80000, 0x0000000100000000, 0x0000000100000000)
  eden space 203776K, 0% used [0x00000000eaa80000,0x00000000eaa80000,0x00000000f7180000)
  from space 35328K, 99% used [0x00000000fa580000,0x00000000fc7fe2f0,0x00000000fc800000)
  to   space 53248K, 0% used [0x00000000f7180000,0x00000000f7180000,0x00000000fa580000)
 ParOldGen       total 82944K, used 82943K [0x00000000c0000000, 0x00000000c5100000, 0x00000000eaa80000)
  object space 82944K, 99% used [0x00000000c0000000,0x00000000c50ffef0,0x00000000c5100000)
 PSPermGen       total 21504K, used 6451K [0x00000000b5a00000, 0x00000000b6f00000, 0x00000000c0000000)
  object space 21504K, 30% used [0x00000000b5a00000,0x00000000b604cde0,0x00000000b6f00000)
Event: 11.077 GC heap after
Heap after GC invocations=12 (full 2):
 PSYoungGen      total 239104K, used 32015K [0x00000000eaa80000, 0x0000000100000000, 0x0000000100000000)
  eden space 203776K, 0% used [0x00000000eaa80000,0x00000000eaa80000,0x00000000f7180000)
  from space 35328K, 90% used [0x00000000fa580000,0x00000000fc4c3d60,0x00000000fc800000)
  to   space 53248K, 0% used [0x00000000f7180000,0x00000000f7180000,0x00000000fa580000)
 ParOldGen       total 148992K, used 82916K [0x00000000c0000000, 0x00000000c9180000, 0x00000000eaa80000)
  object space 148992K, 55% used [0x00000000c0000000,0x00000000c50f90a0,0x00000000c9180000)
 PSPermGen       total 21504K, used 6450K [0x00000000b5a00000, 0x00000000b6f00000, 0x00000000c0000000)
  object space 21504K, 29% used [0x00000000b5a00000,0x00000000b604c8c0,0x00000000b6f00000)
}
Event: 11.931 GC heap before
{Heap before GC invocations=13 (full 2):
 PSYoungGen      total 239104K, used 235791K [0x00000000eaa80000, 0x0000000100000000, 0x0000000100000000)
  eden space 203776K, 100% used [0x00000000eaa80000,0x00000000f7180000,0x00000000f7180000)
  from space 35328K, 90% used [0x00000000fa580000,0x00000000fc4c3d60,0x00000000fc800000)
  to   space 53248K, 0% used [0x00000000f7180000,0x00000000f7180000,0x00000000fa580000)
 ParOldGen       total 148992K, used 82916K [0x00000000c0000000, 0x00000000c9180000, 0x00000000eaa80000)
  object space 148992K, 55% used [0x00000000c0000000,0x00000000c50f90a0,0x00000000c9180000)
 PSPermGen       total 21504K, used 6460K [0x00000000b5a00000, 0x00000000b6f00000, 0x00000000c0000000)
  object space 21504K, 30% used [0x00000000b5a00000,0x00000000b604f1a8,0x00000000b6f00000)
Event: 12.105 GC heap after
Heap after GC invocations=13 (full 2):
 PSYoungGen      total 257024K, used 53236K [0x00000000eaa80000, 0x0000000100000000, 0x0000000100000000)
  eden space 203776K, 0% used [0x00000000eaa80000,0x00000000eaa80000,0x00000000f7180000)
  from space 53248K, 99% used [0x00000000f7180000,0x00000000fa57d398,0x00000000fa580000)
  to   space 67072K, 0% used [0x00000000fbe80000,0x00000000fbe80000,0x0000000100000000)
 ParOldGen       total 148992K, used 95055K [0x00000000c0000000, 0x00000000c9180000, 0x00000000eaa80000)
  object space 148992K, 63% used [0x00000000c0000000,0x00000000c5cd3d98,0x00000000c9180000)
 PSPermGen       total 21504K, used 6460K [0x00000000b5a00000, 0x00000000b6f00000, 0x00000000c0000000)
  object space 21504K, 30% used [0x00000000b5a00000,0x00000000b604f1a8,0x00000000b6f00000)
}
Event: 12.970 GC heap before
{Heap before GC invocations=14 (full 2):
 PSYoungGen      total 257024K, used 257012K [0x00000000eaa80000, 0x0000000100000000, 0x0000000100000000)
  eden space 203776K, 100% used [0x00000000eaa80000,0x00000000f7180000,0x00000000f7180000)
  from space 53248K, 99% used [0x00000000f7180000,0x00000000fa57d398,0x00000000fa580000)
  to   space 67072K, 0% used [0x00000000fbe80000,0x00000000fbe80000,0x0000000100000000)
 ParOldGen       total 148992K, used 95055K [0x00000000c0000000, 0x00000000c9180000, 0x00000000eaa80000)
  object space 148992K, 63% used [0x00000000c0000000,0x00000000c5cd3d98,0x00000000c9180000)
 PSPermGen       total 21504K, used 6485K [0x00000000b5a00000, 0x00000000b6f00000, 0x00000000c0000000)
  object space 21504K, 30% used [0x00000000b5a00000,0x00000000b60556e8,0x00000000b6f00000)
Event: 13.409 GC heap after
Heap after GC invocations=14 (full 2):
 PSYoungGen      total 263168K, used 61973K [0x00000000eaa80000, 0x0000000100000000, 0x0000000100000000)
  eden space 196096K, 0% used [0x00000000eaa80000,0x00000000eaa80000,0x00000000f6a00000)
  from space 67072K, 92% used [0x00000000fbe80000,0x00000000ffb057a8,0x0000000100000000)
  to   space 76800K, 0% used [0x00000000f6a00000,0x00000000f6a00000,0x00000000fb500000)
 ParOldGen       total 148992K, used 118964K [0x00000000c0000000, 0x00000000c9180000, 0x00000000eaa80000)
  object space 148992K, 79% used [0x00000000c0000000,0x00000000c742d308,0x00000000c9180000)
 PSPermGen       total 21504K, used 6485K [0x00000000b5a00000, 0x00000000b6f00000, 0x00000000c0000000)
  object space 21504K, 30% used [0x00000000b5a00000,0x00000000b60556e8,0x00000000b6f00000)
}
Event: 14.977 GC heap before
{Heap before GC invocations=15 (full 2):
 PSYoungGen      total 263168K, used 258069K [0x00000000eaa80000, 0x0000000100000000, 0x0000000100000000)
  eden space 196096K, 100% used [0x00000000eaa80000,0x00000000f6a00000,0x00000000f6a00000)
  from space 67072K, 92% used [0x00000000fbe80000,0x00000000ffb057a8,0x0000000100000000)
  to   space 76800K, 0% used [0x00000000f6a00000,0x00000000f6a00000,0x00000000fb500000)
 ParOldGen       total 148992K, used 118964K [0x00000000c0000000, 0x00000000c9180000, 0x00000000eaa80000)
  object space 148992K, 79% used [0x00000000c0000000,0x00000000c742d308,0x00000000c9180000)
 PSPermGen       total 21504K, used 6560K [0x00000000b5a00000, 0x00000000b6f00000, 0x00000000c0000000)
  object space 21504K, 30% used [0x00000000b5a00000,0x00000000b6068070,0x00000000b6f00000)
Event: 15.081 GC heap after
Heap after GC invocations=15 (full 2):
 PSYoungGen      total 272896K, used 29226K [0x00000000eaa80000, 0x0000000100000000, 0x0000000100000000)
  eden space 196096K, 0% used [0x00000000eaa80000,0x00000000eaa80000,0x00000000f6a00000)
  from space 76800K, 38% used [0x00000000f6a00000,0x00000000f868abb8,0x00000000fb500000)
  to   space 72704K, 0% used [0x00000000fb900000,0x00000000fb900000,0x0000000100000000)
 ParOldGen       total 179200K, used 179076K [0x00000000c0000000, 0x00000000caf00000, 0x00000000eaa80000)
  object space 179200K, 99% used [0x00000000c0000000,0x00000000caee1070,0x00000000caf00000)
 PSPermGen       total 21504K, used 6560K [0x00000000b5a00000, 0x00000000b6f00000, 0x00000000c0000000)
  object space 21504K, 30% used [0x00000000b5a00000,0x00000000b6068070,0x00000000b6f00000)
}
Event: 15.261 GC heap before
{Heap before GC invocations=16 (full 3):
 PSYoungGen      total 272896K, used 29226K [0x00000000eaa80000, 0x0000000100000000, 0x0000000100000000)
  eden space 196096K, 0% used [0x00000000eaa80000,0x00000000eaa80000,0x00000000f6a00000)
  from space 76800K, 38% used [0x00000000f6a00000,0x00000000f868abb8,0x00000000fb500000)
  to   space 72704K, 0% used [0x00000000fb900000,0x00000000fb900000,0x0000000100000000)
 ParOldGen       total 179200K, used 179076K [0x00000000c0000000, 0x00000000caf00000, 0x00000000eaa80000)
  object space 179200K, 99% used [0x00000000c0000000,0x00000000caee1070,0x00000000caf00000)
 PSPermGen       total 21504K, used 6560K [0x00000000b5a00000, 0x00000000b6f00000, 0x00000000c0000000)
  object space 21504K, 30% used [0x00000000b5a00000,0x00000000b6068070,0x00000000b6f00000)

