# JRE version: OpenJDK Runtime Environment (7.0_91-b02) (build 1.7.0_91-b02)
# Java VM: OpenJDK 64-Bit Server VM (24.91-b01 mixed mode linux-amd64 compressed oops)
Heap
 PSYoungGen      total 262144K, used 7855K [0x00000000eaa80000, 0x0000000100000000, 0x0000000100000000)
  eden space 209408K, 0% used [0x00000000eaa80000,0x00000000eaa80000,0x00000000f7700000)
  from space 52736K, 14% used [0x00000000f7700000,0x00000000f7eabe88,0x00000000faa80000)
  to   space 54784K, 0% used [0x00000000fca80000,0x00000000fca80000,0x0000000100000000)
 ParOldGen       total 136192K, used 135712K [0x00000000c0000000, 0x00000000c8500000, 0x00000000eaa80000)
  object space 136192K, 99% used [0x00000000c0000000,0x00000000c84883f0,0x00000000c8500000)
 PSPermGen       total 21504K, used 6462K [0x00000000b5a00000, 0x00000000b6f00000, 0x00000000c0000000)
  object space 21504K, 30% used [0x00000000b5a00000,0x00000000b604fa38,0x00000000b6f00000)
GC Heap History (10 events):
Event: 8.212 GC heap after
Heap after GC invocations=11 (full 1):
 PSYoungGen      total 202240K, used 17492K [0x00000000eaa80000, 0x00000000fa380000, 0x0000000100000000)
  eden space 175616K, 0% used [0x00000000eaa80000,0x00000000eaa80000,0x00000000f5600000)
  from space 26624K, 65% used [0x00000000f7880000,0x00000000f8995288,0x00000000f9280000)
  to   space 35328K, 0% used [0x00000000f5600000,0x00000000f5600000,0x00000000f7880000)
 ParOldGen       total 76288K, used 40743K [0x00000000c0000000, 0x00000000c4a80000, 0x00000000eaa80000)
  object space 76288K, 53% used [0x00000000c0000000,0x00000000c27c9fb0,0x00000000c4a80000)
 PSPermGen       total 21504K, used 6406K [0x00000000b5a00000, 0x00000000b6f00000, 0x00000000c0000000)
  object space 21504K, 29% used [0x00000000b5a00000,0x00000000b6041b08,0x00000000b6f00000)
}
Event: 9.997 GC heap before
{Heap before GC invocations=12 (full 1):
 PSYoungGen      total 202240K, used 193108K [0x00000000eaa80000, 0x00000000fa380000, 0x0000000100000000)
  eden space 175616K, 100% used [0x00000000eaa80000,0x00000000f5600000,0x00000000f5600000)
  from space 26624K, 65% used [0x00000000f7880000,0x00000000f8995288,0x00000000f9280000)
  to   space 35328K, 0% used [0x00000000f5600000,0x00000000f5600000,0x00000000f7880000)
 ParOldGen       total 76288K, used 40743K [0x00000000c0000000, 0x00000000c4a80000, 0x00000000eaa80000)
  object space 76288K, 53% used [0x00000000c0000000,0x00000000c27c9fb0,0x00000000c4a80000)
 PSPermGen       total 21504K, used 6437K [0x00000000b5a00000, 0x00000000b6f00000, 0x00000000c0000000)
  object space 21504K, 29% used [0x00000000b5a00000,0x00000000b6049760,0x00000000b6f00000)
Event: 10.071 GC heap after
Heap after GC invocations=12 (full 1):
 PSYoungGen      total 210944K, used 29472K [0x00000000eaa80000, 0x00000000fd100000, 0x0000000100000000)
  eden space 175616K, 0% used [0x00000000eaa80000,0x00000000eaa80000,0x00000000f5600000)
  from space 35328K, 83% used [0x00000000f5600000,0x00000000f72c8030,0x00000000f7880000)
  to   space 39424K, 0% used [0x00000000faa80000,0x00000000faa80000,0x00000000fd100000)
 ParOldGen       total 76288K, used 57729K [0x00000000c0000000, 0x00000000c4a80000, 0x00000000eaa80000)
  object space 76288K, 75% used [0x00000000c0000000,0x00000000c3860618,0x00000000c4a80000)
 PSPermGen       total 21504K, used 6437K [0x00000000b5a00000, 0x00000000b6f00000, 0x00000000c0000000)
  object space 21504K, 29% used [0x00000000b5a00000,0x00000000b6049760,0x00000000b6f00000)
}
Event: 10.976 GC heap before
{Heap before GC invocations=13 (full 1):
 PSYoungGen      total 210944K, used 205088K [0x00000000eaa80000, 0x00000000fd100000, 0x0000000100000000)
  eden space 175616K, 100% used [0x00000000eaa80000,0x00000000f5600000,0x00000000f5600000)
  from space 35328K, 83% used [0x00000000f5600000,0x00000000f72c8030,0x00000000f7880000)
  to   space 39424K, 0% used [0x00000000faa80000,0x00000000faa80000,0x00000000fd100000)
 ParOldGen       total 76288K, used 57729K [0x00000000c0000000, 0x00000000c4a80000, 0x00000000eaa80000)
  object space 76288K, 75% used [0x00000000c0000000,0x00000000c3860618,0x00000000c4a80000)
 PSPermGen       total 21504K, used 6452K [0x00000000b5a00000, 0x00000000b6f00000, 0x00000000c0000000)
  object space 21504K, 30% used [0x00000000b5a00000,0x00000000b604d130,0x00000000b6f00000)
Event: 11.058 GC heap after
Heap after GC invocations=13 (full 1):
 PSYoungGen      total 248832K, used 39412K [0x00000000eaa80000, 0x00000000ff100000, 0x0000000100000000)
  eden space 209408K, 0% used [0x00000000eaa80000,0x00000000eaa80000,0x00000000f7700000)
  from space 39424K, 99% used [0x00000000faa80000,0x00000000fd0fd350,0x00000000fd100000)
  to   space 52736K, 0% used [0x00000000f7700000,0x00000000f7700000,0x00000000faa80000)
 ParOldGen       total 76288K, used 74621K [0x00000000c0000000, 0x00000000c4a80000, 0x00000000eaa80000)
  object space 76288K, 97% used [0x00000000c0000000,0x00000000c48df410,0x00000000c4a80000)
 PSPermGen       total 21504K, used 6452K [0x00000000b5a00000, 0x00000000b6f00000, 0x00000000c0000000)
  object space 21504K, 30% used [0x00000000b5a00000,0x00000000b604d130,0x00000000b6f00000)
}
Event: 11.058 GC heap before
{Heap before GC invocations=14 (full 2):
 PSYoungGen      total 248832K, used 39412K [0x00000000eaa80000, 0x00000000ff100000, 0x0000000100000000)
  eden space 209408K, 0% used [0x00000000eaa80000,0x00000000eaa80000,0x00000000f7700000)
  from space 39424K, 99% used [0x00000000faa80000,0x00000000fd0fd350,0x00000000fd100000)
  to   space 52736K, 0% used [0x00000000f7700000,0x00000000f7700000,0x00000000faa80000)
 ParOldGen       total 76288K, used 74621K [0x00000000c0000000, 0x00000000c4a80000, 0x00000000eaa80000)
  object space 76288K, 97% used [0x00000000c0000000,0x00000000c48df410,0x00000000c4a80000)
 PSPermGen       total 21504K, used 6452K [0x00000000b5a00000, 0x00000000b6f00000, 0x00000000c0000000)
  object space 21504K, 30% used [0x00000000b5a00000,0x00000000b604d130,0x00000000b6f00000)
Event: 11.706 GC heap after
Heap after GC invocations=14 (full 2):
 PSYoungGen      total 248832K, used 36245K [0x00000000eaa80000, 0x00000000ff100000, 0x0000000100000000)
  eden space 209408K, 0% used [0x00000000eaa80000,0x00000000eaa80000,0x00000000f7700000)
  from space 39424K, 91% used [0x00000000faa80000,0x00000000fcde5508,0x00000000fd100000)
  to   space 52736K, 0% used [0x00000000f7700000,0x00000000f7700000,0x00000000faa80000)
 ParOldGen       total 136192K, used 76097K [0x00000000c0000000, 0x00000000c8500000, 0x00000000eaa80000)
  object space 136192K, 55% used [0x00000000c0000000,0x00000000c4a50458,0x00000000c8500000)
 PSPermGen       total 21504K, used 6450K [0x00000000b5a00000, 0x00000000b6f00000, 0x00000000c0000000)
  object space 21504K, 29% used [0x00000000b5a00000,0x00000000b604cb10,0x00000000b6f00000)
}
Event: 12.249 GC heap before
{Heap before GC invocations=15 (full 2):
 PSYoungGen      total 248832K, used 245653K [0x00000000eaa80000, 0x00000000ff100000, 0x0000000100000000)
  eden space 209408K, 100% used [0x00000000eaa80000,0x00000000f7700000,0x00000000f7700000)
  from space 39424K, 91% used [0x00000000faa80000,0x00000000fcde5508,0x00000000fd100000)
  to   space 52736K, 0% used [0x00000000f7700000,0x00000000f7700000,0x00000000faa80000)
 ParOldGen       total 136192K, used 76097K [0x00000000c0000000, 0x00000000c8500000, 0x00000000eaa80000)
  object space 136192K, 55% used [0x00000000c0000000,0x00000000c4a50458,0x00000000c8500000)
 PSPermGen       total 21504K, used 6462K [0x00000000b5a00000, 0x00000000b6f00000, 0x00000000c0000000)
  object space 21504K, 30% used [0x00000000b5a00000,0x00000000b604fab8,0x00000000b6f00000)
Event: 12.348 GC heap after
Heap after GC invocations=15 (full 2):
 PSYoungGen      total 262144K, used 33086K [0x00000000eaa80000, 0x0000000100000000, 0x0000000100000000)
  eden space 209408K, 0% used [0x00000000eaa80000,0x00000000eaa80000,0x00000000f7700000)
  from space 52736K, 62% used [0x00000000f7700000,0x00000000f974f808,0x00000000faa80000)
  to   space 54784K, 0% used [0x00000000fca80000,0x00000000fca80000,0x0000000100000000)
 ParOldGen       total 136192K, used 112465K [0x00000000c0000000, 0x00000000c8500000, 0x00000000eaa80000)
  object space 136192K, 82% used [0x00000000c0000000,0x00000000c6dd4480,0x00000000c8500000)
 PSPermGen       total 21504K, used 6462K [0x00000000b5a00000, 0x00000000b6f00000, 0x00000000c0000000)
  object space 21504K, 30% used [0x00000000b5a00000,0x00000000b604fab8,0x00000000b6f00000)
}
Event: 12.348 GC heap before
{Heap before GC invocations=16 (full 3):
 PSYoungGen      total 262144K, used 33086K [0x00000000eaa80000, 0x0000000100000000, 0x0000000100000000)
  eden space 209408K, 0% used [0x00000000eaa80000,0x00000000eaa80000,0x00000000f7700000)
  from space 52736K, 62% used [0x00000000f7700000,0x00000000f974f808,0x00000000faa80000)
  to   space 54784K, 0% used [0x00000000fca80000,0x00000000fca80000,0x0000000100000000)
 ParOldGen       total 136192K, used 112465K [0x00000000c0000000, 0x00000000c8500000, 0x00000000eaa80000)
  object space 136192K, 82% used [0x00000000c0000000,0x00000000c6dd4480,0x00000000c8500000)
 PSPermGen       total 21504K, used 6462K [0x00000000b5a00000, 0x00000000b6f00000, 0x00000000c0000000)
  object space 21504K, 30% used [0x00000000b5a00000,0x00000000b604fab8,0x00000000b6f00000)

